This file contains any messages produced by compilers while
running configure, to aid debugging if configure makes a mistake.

It was created by Circal++ configure 1.0, which was
generated by GNU Autoconf 2.61.  Invocation command line was

  $ ./configure 

## --------- ##
## Platform. ##
## --------- ##

hostname = Joshua
uname -m = i686
uname -r = 2.6.24-fw2
uname -s = Linux
uname -v = #1 SMP PREEMPT Sun Feb 10 21:10:22 CET 2008

/usr/bin/uname -p = unknown
/bin/uname -X     = unknown

/bin/arch              = i686
/usr/bin/arch -k       = unknown
/usr/convex/getsysinfo = unknown
/usr/bin/hostinfo      = unknown
/bin/machine           = unknown
/usr/bin/oslevel       = unknown
/bin/universe          = unknown

PATH: /usr/lib/java/bin
PATH: /usr/lib/java/jre/bin
PATH: /usr/local/bin
PATH: /usr/bin
PATH: /bin
PATH: /usr/X11R6/bin
PATH: /usr/games
PATH: /usr/lib/acroread/bin
PATH: /usr/lib/eclipse
PATH: /usr/bin
PATH: /usr/lib/lesstif/bin
PATH: /usr/lib/qt/bin


## ----------- ##
## Core tests. ##
## ----------- ##

configure:1794: checking for a BSD-compatible install
configure:1850: result: /usr/bin/ginstall -c
configure:1861: checking whether build environment is sane
configure:1904: result: yes
configure:1932: checking for a thread-safe mkdir -p
configure:1971: result: /usr/bin/mkdir -p
configure:1984: checking for gawk
configure:2000: found /usr/bin/gawk
configure:2011: result: gawk
configure:2022: checking whether make sets $(MAKE)
configure:2043: result: yes
configure:2295: checking for g++
configure:2311: found /usr/bin/g++
configure:2322: result: g++
configure:2353: checking for C++ compiler version
configure:2360: g++ --version >&5
g++ (GCC) 4.2.3
Copyright (C) 2007 Free Software Foundation, Inc.
This is free software; see the source for copying conditions.  There is NO
warranty; not even for MERCHANTABILITY or FITNESS FOR A PARTICULAR PURPOSE.

configure:2363: $? = 0
configure:2370: g++ -v >&5
Using built-in specs.
Target: i686-pc-linux-gnu
Configured with: ../gcc-4.2.3/configure --prefix=/usr --enable-shared --enable-languages=c,ada,c++,fortran,java,objc,obj-c++,treelang --enable-threads=posix --enable-__cxa_atexit --enable-java-awt=gtk --enable-gtk-cairo --enable-plugin --with-system-zlib --libdir=/usr/lib --disable-multilib --disable-libjava-multilib --enable-target-optspace --enable-bootstrap
Thread model: posix
gcc version 4.2.3
configure:2373: $? = 0
configure:2380: g++ -V >&5
g++: '-V' option must have argument
configure:2383: $? = 1
configure:2406: checking for C++ compiler default output file name
configure:2433: g++    conftest.cpp  >&5
configure:2436: $? = 0
configure:2474: result: a.out
configure:2491: checking whether the C++ compiler works
configure:2501: ./a.out
configure:2504: $? = 0
configure:2521: result: yes
configure:2528: checking whether we are cross compiling
configure:2530: result: no
configure:2533: checking for suffix of executables
configure:2540: g++ -o conftest    conftest.cpp  >&5
configure:2543: $? = 0
configure:2567: result: 
configure:2573: checking for suffix of object files
configure:2599: g++ -c   conftest.cpp >&5
configure:2602: $? = 0
configure:2625: result: o
configure:2629: checking whether we are using the GNU C++ compiler
configure:2658: g++ -c   conftest.cpp >&5
configure:2664: $? = 0
configure:2681: result: yes
configure:2686: checking whether g++ accepts -g
configure:2716: g++ -c -g  conftest.cpp >&5
configure:2722: $? = 0
configure:2821: result: yes
configure:2855: checking for style of include used by make
configure:2883: result: GNU
configure:2908: checking dependency style of g++
configure:2999: result: gcc3
configure:3062: checking for gcc
configure:3078: found /usr/bin/gcc
configure:3089: result: gcc
configure:3327: checking for C compiler version
configure:3334: gcc --version >&5
gcc (GCC) 4.2.3
Copyright (C) 2007 Free Software Foundation, Inc.
This is free software; see the source for copying conditions.  There is NO
warranty; not even for MERCHANTABILITY or FITNESS FOR A PARTICULAR PURPOSE.

configure:3337: $? = 0
configure:3344: gcc -v >&5
Using built-in specs.
Target: i686-pc-linux-gnu
Configured with: ../gcc-4.2.3/configure --prefix=/usr --enable-shared --enable-languages=c,ada,c++,fortran,java,objc,obj-c++,treelang --enable-threads=posix --enable-__cxa_atexit --enable-java-awt=gtk --enable-gtk-cairo --enable-plugin --with-system-zlib --libdir=/usr/lib --disable-multilib --disable-libjava-multilib --enable-target-optspace --enable-bootstrap
Thread model: posix
gcc version 4.2.3
configure:3347: $? = 0
configure:3354: gcc -V >&5
gcc: '-V' option must have argument
configure:3357: $? = 1
configure:3360: checking whether we are using the GNU C compiler
configure:3389: gcc -c   conftest.c >&5
configure:3395: $? = 0
configure:3412: result: yes
configure:3417: checking whether gcc accepts -g
configure:3447: gcc -c -g  conftest.c >&5
configure:3453: $? = 0
configure:3552: result: yes
configure:3569: checking for gcc option to accept ISO C89
configure:3643: gcc  -c -g -O2  conftest.c >&5
configure:3649: $? = 0
configure:3672: result: none needed
configure:3692: checking dependency style of gcc
configure:3783: result: gcc3
configure:3803: checking how to run the C preprocessor
configure:3843: gcc -E  conftest.c
configure:3849: $? = 0
configure:3880: gcc -E  conftest.c
conftest.c:10:28: error: ac_nonexistent.h: No such file or directory
configure:3886: $? = 1
configure: failed program was:
| /* confdefs.h.  */
| #define PACKAGE_NAME "Circal++"
| #define PACKAGE_TARNAME "circal--"
| #define PACKAGE_VERSION "1.0"
| #define PACKAGE_STRING "Circal++ 1.0"
| #define PACKAGE_BUGREPORT "dex@dragonslave.de"
| #define PACKAGE "circal--"
| #define VERSION "1.0"
| /* end confdefs.h.  */
| #include <ac_nonexistent.h>
configure:3919: result: gcc -E
configure:3948: gcc -E  conftest.c
configure:3954: $? = 0
configure:3985: gcc -E  conftest.c
conftest.c:10:28: error: ac_nonexistent.h: No such file or directory
configure:3991: $? = 1
configure: failed program was:
| /* confdefs.h.  */
| #define PACKAGE_NAME "Circal++"
| #define PACKAGE_TARNAME "circal--"
| #define PACKAGE_VERSION "1.0"
| #define PACKAGE_STRING "Circal++ 1.0"
| #define PACKAGE_BUGREPORT "dex@dragonslave.de"
| #define PACKAGE "circal--"
| #define VERSION "1.0"
| /* end confdefs.h.  */
| #include <ac_nonexistent.h>
configure:4032: checking for gawk
configure:4059: result: gawk
configure:4083: checking for a BSD-compatible install
configure:4139: result: /usr/bin/ginstall -c
configure:4150: checking whether ln -s works
configure:4154: result: yes
configure:4161: checking whether make sets $(MAKE)
configure:4182: result: yes
configure:4234: checking for ranlib
configure:4250: found /usr/bin/ranlib
configure:4261: result: ranlib
configure:4287: checking for a thread-safe mkdir -p
configure:4326: result: /usr/bin/mkdir -p
configure:4340: checking for OpenMP flag of C++ compiler
configure:4386: g++ -o conftest -g -O2 -fopenmp   conftest.cpp  >&5
configure:4392: $? = 0
configure:4412: result: -fopenmp
configure:4435: checking how to run the C++ preprocessor
configure:4471: g++ -E  conftest.cpp
configure:4477: $? = 0
configure:4508: g++ -E  conftest.cpp
conftest.cpp:11:28: error: ac_nonexistent.h: No such file or directory
configure:4514: $? = 1
configure: failed program was:
| /* confdefs.h.  */
| #define PACKAGE_NAME "Circal++"
| #define PACKAGE_TARNAME "circal--"
| #define PACKAGE_VERSION "1.0"
| #define PACKAGE_STRING "Circal++ 1.0"
| #define PACKAGE_BUGREPORT "dex@dragonslave.de"
| #define PACKAGE "circal--"
| #define VERSION "1.0"
| #define HAVE_OPENMP 1
| /* end confdefs.h.  */
| #include <ac_nonexistent.h>
configure:4547: result: g++ -E
configure:4576: g++ -E  conftest.cpp
configure:4582: $? = 0
configure:4613: g++ -E  conftest.cpp
conftest.cpp:11:28: error: ac_nonexistent.h: No such file or directory
configure:4619: $? = 1
configure: failed program was:
| /* confdefs.h.  */
| #define PACKAGE_NAME "Circal++"
| #define PACKAGE_TARNAME "circal--"
| #define PACKAGE_VERSION "1.0"
| #define PACKAGE_STRING "Circal++ 1.0"
| #define PACKAGE_BUGREPORT "dex@dragonslave.de"
| #define PACKAGE "circal--"
| #define VERSION "1.0"
| #define HAVE_OPENMP 1
| /* end confdefs.h.  */
| #include <ac_nonexistent.h>
configure:4657: checking for grep that handles long lines and -e
configure:4731: result: /usr/bin/grep
configure:4736: checking for egrep
configure:4814: result: /usr/bin/grep -E
configure:4819: checking for ANSI C header files
configure:4849: g++ -c -g -O2 -fopenmp  conftest.cpp >&5
configure:4855: $? = 0
configure:4954: g++ -o conftest -g -O2 -fopenmp   conftest.cpp  >&5
configure:4957: $? = 0
configure:4963: ./conftest
configure:4966: $? = 0
configure:4983: result: yes
configure:5007: checking for sys/types.h
configure:5028: g++ -c -g -O2 -fopenmp  conftest.cpp >&5
configure:5034: $? = 0
configure:5050: result: yes
configure:5007: checking for sys/stat.h
configure:5028: g++ -c -g -O2 -fopenmp  conftest.cpp >&5
configure:5034: $? = 0
configure:5050: result: yes
configure:5007: checking for stdlib.h
configure:5028: g++ -c -g -O2 -fopenmp  conftest.cpp >&5
configure:5034: $? = 0
configure:5050: result: yes
configure:5007: checking for string.h
configure:5028: g++ -c -g -O2 -fopenmp  conftest.cpp >&5
configure:5034: $? = 0
configure:5050: result: yes
configure:5007: checking for memory.h
configure:5028: g++ -c -g -O2 -fopenmp  conftest.cpp >&5
configure:5034: $? = 0
configure:5050: result: yes
configure:5007: checking for strings.h
configure:5028: g++ -c -g -O2 -fopenmp  conftest.cpp >&5
configure:5034: $? = 0
configure:5050: result: yes
configure:5007: checking for inttypes.h
configure:5028: g++ -c -g -O2 -fopenmp  conftest.cpp >&5
configure:5034: $? = 0
configure:5050: result: yes
configure:5007: checking for stdint.h
configure:5028: g++ -c -g -O2 -fopenmp  conftest.cpp >&5
configure:5034: $? = 0
configure:5050: result: yes
configure:5007: checking for unistd.h
configure:5028: g++ -c -g -O2 -fopenmp  conftest.cpp >&5
configure:5034: $? = 0
configure:5050: result: yes
configure:5062: checking for stdbool.h that conforms to C99
configure:5155: g++ -c -g -O2 -fopenmp  conftest.cpp >&5
configure:5161: $? = 0
configure:5176: result: yes
configure:5178: checking for _Bool
configure:5208: g++ -c -g -O2 -fopenmp  conftest.cpp >&5
conftest.cpp:54: error: '_Bool' does not name a type
conftest.cpp: In function 'int main()':
conftest.cpp:58: error: 'ac__type_new_' was not declared in this scope
conftest.cpp:58: error: expected primary-expression before ')' token
conftest.cpp:58: error: expected `)' before numeric constant
conftest.cpp:60: error: 'ac__type_new_' was not declared in this scope
configure:5214: $? = 1
configure: failed program was:
| /* confdefs.h.  */
| #define PACKAGE_NAME "Circal++"
| #define PACKAGE_TARNAME "circal--"
| #define PACKAGE_VERSION "1.0"
| #define PACKAGE_STRING "Circal++ 1.0"
| #define PACKAGE_BUGREPORT "dex@dragonslave.de"
| #define PACKAGE "circal--"
| #define VERSION "1.0"
| #define HAVE_OPENMP 1
| #define STDC_HEADERS 1
| #define HAVE_SYS_TYPES_H 1
| #define HAVE_SYS_STAT_H 1
| #define HAVE_STDLIB_H 1
| #define HAVE_STRING_H 1
| #define HAVE_MEMORY_H 1
| #define HAVE_STRINGS_H 1
| #define HAVE_INTTYPES_H 1
| #define HAVE_STDINT_H 1
| #define HAVE_UNISTD_H 1
| /* end confdefs.h.  */
| #include <stdio.h>
| #ifdef HAVE_SYS_TYPES_H
| # include <sys/types.h>
| #endif
| #ifdef HAVE_SYS_STAT_H
| # include <sys/stat.h>
| #endif
| #ifdef STDC_HEADERS
| # include <stdlib.h>
| # include <stddef.h>
| #else
| # ifdef HAVE_STDLIB_H
| #  include <stdlib.h>
| # endif
| #endif
| #ifdef HAVE_STRING_H
| # if !defined STDC_HEADERS && defined HAVE_MEMORY_H
| #  include <memory.h>
| # endif
| # include <string.h>
| #endif
| #ifdef HAVE_STRINGS_H
| # include <strings.h>
| #endif
| #ifdef HAVE_INTTYPES_H
| # include <inttypes.h>
| #endif
| #ifdef HAVE_STDINT_H
| # include <stdint.h>
| #endif
| #ifdef HAVE_UNISTD_H
| # include <unistd.h>
| #endif
| typedef _Bool ac__type_new_;
| int
| main ()
| {
| if ((ac__type_new_ *) 0)
|   return 0;
| if (sizeof (ac__type_new_))
|   return 0;
|   ;
|   return 0;
| }
configure:5229: result: no
configure:5248: checking for an ANSI C-conforming const
configure:5323: g++ -c -g -O2 -fopenmp  conftest.cpp >&5
configure:5329: $? = 0
configure:5344: result: yes
configure:5364: checking Utils/Clonable.h usability
configure:5381: g++ -c -g -O2 -fopenmp  conftest.cpp >&5
configure:5387: $? = 0
configure:5401: result: yes
configure:5405: checking Utils/Clonable.h presence
configure:5420: g++ -E  conftest.cpp
configure:5426: $? = 0
configure:5440: result: yes
configure:5473: checking for Utils/Clonable.h
configure:5480: result: yes
configure:5496: checking NumCalc/Matrix.h usability
configure:5513: g++ -c -g -O2 -fopenmp  conftest.cpp >&5
configure:5519: $? = 0
configure:5533: result: yes
configure:5537: checking NumCalc/Matrix.h presence
configure:5552: g++ -E  conftest.cpp
configure:5558: $? = 0
configure:5572: result: yes
configure:5605: checking for NumCalc/Matrix.h
configure:5612: result: yes
configure:5628: checking Seq/Sequence.h usability
configure:5645: g++ -c -g -O2 -fopenmp  conftest.cpp >&5
configure:5651: $? = 0
configure:5665: result: yes
configure:5669: checking Seq/Sequence.h presence
configure:5684: g++ -E  conftest.cpp
configure:5690: $? = 0
configure:5704: result: yes
configure:5737: checking for Seq/Sequence.h
configure:5744: result: yes
configure:5755: checking for main in -lbpp-numcalc
configure:5784: g++ -o conftest -g -O2 -fopenmp   conftest.cpp -lbpp-numcalc   >&5
configure:5790: $? = 0
configure:5808: result: yes
configure:5894: checking for main in -lbpp-utils
configure:5923: g++ -o conftest -g -O2 -fopenmp   conftest.cpp -lbpp-utils  -lbpp-numcalc >&5
configure:5929: $? = 0
configure:5947: result: yes
configure:6033: checking for main in -lbpp-seq
configure:6062: g++ -o conftest -g -O2 -fopenmp   conftest.cpp -lbpp-seq  -lbpp-utils >&5
configure:6068: $? = 0
configure:6086: result: yes
configure:6293: creating ./config.status

## ---------------------- ##
## Running config.status. ##
## ---------------------- ##

This file was extended by Circal++ config.status 1.0, which was
generated by GNU Autoconf 2.61.  Invocation command line was

  CONFIG_FILES    = 
  CONFIG_HEADERS  = 
  CONFIG_LINKS    = 
  CONFIG_COMMANDS = 
  $ ./config.status 

on Joshua

config.status:646: creating Makefile
config.status:646: creating src/Makefile
config.status:646: creating config.h
config.status:921: executing depfiles commands

## ---------------- ##
## Cache variables. ##
## ---------------- ##

ac_cv_c_compiler_gnu=yes
ac_cv_c_const=yes
ac_cv_cxx_compiler_gnu=yes
ac_cv_env_CCC_set=
ac_cv_env_CCC_value=
ac_cv_env_CC_set=
ac_cv_env_CC_value=
ac_cv_env_CFLAGS_set=
ac_cv_env_CFLAGS_value=
ac_cv_env_CPPFLAGS_set=
ac_cv_env_CPPFLAGS_value=
ac_cv_env_CPP_set=
ac_cv_env_CPP_value=
ac_cv_env_CXXCPP_set=
ac_cv_env_CXXCPP_value=
ac_cv_env_CXXFLAGS_set=
ac_cv_env_CXXFLAGS_value=
ac_cv_env_CXX_set=
ac_cv_env_CXX_value=
ac_cv_env_LDFLAGS_set=
ac_cv_env_LDFLAGS_value=
ac_cv_env_LIBS_set=
ac_cv_env_LIBS_value=
ac_cv_env_build_alias_set=
ac_cv_env_build_alias_value=
ac_cv_env_host_alias_set=
ac_cv_env_host_alias_value=
ac_cv_env_target_alias_set=
ac_cv_env_target_alias_value=
ac_cv_header_NumCalc_Matrix_h=yes
ac_cv_header_Seq_Sequence_h=yes
ac_cv_header_Utils_Clonable_h=yes
ac_cv_header_inttypes_h=yes
ac_cv_header_memory_h=yes
ac_cv_header_stdbool_h=yes
ac_cv_header_stdc=yes
ac_cv_header_stdint_h=yes
ac_cv_header_stdlib_h=yes
ac_cv_header_string_h=yes
ac_cv_header_strings_h=yes
ac_cv_header_sys_stat_h=yes
ac_cv_header_sys_types_h=yes
ac_cv_header_unistd_h=yes
ac_cv_lib_bpp_numcalc_main=yes
ac_cv_lib_bpp_seq_main=yes
ac_cv_lib_bpp_utils_main=yes
ac_cv_objext=o
ac_cv_path_EGREP='/usr/bin/grep -E'
ac_cv_path_GREP=/usr/bin/grep
ac_cv_path_install='/usr/bin/ginstall -c'
ac_cv_path_mkdir=/usr/bin/mkdir
ac_cv_prog_AWK=gawk
ac_cv_prog_CPP='gcc -E'
ac_cv_prog_CXXCPP='g++ -E'
ac_cv_prog_ac_ct_CC=gcc
ac_cv_prog_ac_ct_CXX=g++
ac_cv_prog_ac_ct_RANLIB=ranlib
ac_cv_prog_cc_c89=
ac_cv_prog_cc_g=yes
ac_cv_prog_cxx_g=yes
ac_cv_prog_make_make_set=yes
ac_cv_type__Bool=no
am_cv_CC_dependencies_compiler_type=gcc3
am_cv_CXX_dependencies_compiler_type=gcc3
ax_cv_cxx_openmp=-fopenmp

## ----------------- ##
## Output variables. ##
## ----------------- ##

ACLOCAL='${SHELL} /home/dex/Uni/workspace/CircalPP/missing --run aclocal-1.10'
ACLOCAL_AMFLAGS='-I  ${ACLOCAL_FLAGS}'
AMDEPBACKSLASH='\'
AMDEP_FALSE='#'
AMDEP_TRUE=''
AMTAR='${SHELL} /home/dex/Uni/workspace/CircalPP/missing --run tar'
AUTOCONF='${SHELL} /home/dex/Uni/workspace/CircalPP/missing --run autoconf'
AUTOHEADER='${SHELL} /home/dex/Uni/workspace/CircalPP/missing --run autoheader'
AUTOMAKE='${SHELL} /home/dex/Uni/workspace/CircalPP/missing --run automake-1.10'
AWK='gawk'
CC='gcc'
CCDEPMODE='depmode=gcc3'
CFLAGS='-g -O2'
CPP='gcc -E'
CPPFLAGS=''
CXX='g++'
CXXCPP='g++ -E'
CXXDEPMODE='depmode=gcc3'
CXXFLAGS='-g -O2 -fopenmp'
CYGPATH_W='echo'
DEFS='-DHAVE_CONFIG_H'
DEPDIR='.deps'
ECHO_C=''
ECHO_N='-n'
ECHO_T=''
EGREP='/usr/bin/grep -E'
EXEEXT=''
GREP='/usr/bin/grep'
INSTALL_DATA='${INSTALL} -m 644'
INSTALL_PROGRAM='${INSTALL}'
INSTALL_SCRIPT='${INSTALL}'
INSTALL_STRIP_PROGRAM='$(install_sh) -c -s'
LDFLAGS=''
LIBOBJS=''
LIBS='-lbpp-seq'
LN_S='ln -s'
LTLIBOBJS=''
MAKEINFO='${SHELL} /home/dex/Uni/workspace/CircalPP/missing --run makeinfo'
OBJEXT='o'
PACKAGE='circal--'
PACKAGE_BUGREPORT='dex@dragonslave.de'
PACKAGE_NAME='Circal++'
PACKAGE_STRING='Circal++ 1.0'
PACKAGE_TARNAME='circal--'
PACKAGE_VERSION='1.0'
PATH_SEPARATOR=':'
RANLIB='ranlib'
SET_MAKE=''
SHELL='/bin/sh'
STRIP=''
VERSION='1.0'
ac_ct_CC='gcc'
ac_ct_CXX='g++'
am__fastdepCC_FALSE='#'
am__fastdepCC_TRUE=''
am__fastdepCXX_FALSE='#'
am__fastdepCXX_TRUE=''
am__include='include'
am__isrc=''
am__leading_dot='.'
am__quote=''
am__tar='${AMTAR} chof - "$$tardir"'
am__untar='${AMTAR} xf -'
bindir='${exec_prefix}/bin'
build_alias=''
datadir='${datarootdir}'
datarootdir='${prefix}/share'
docdir='${datarootdir}/doc/${PACKAGE_TARNAME}'
dvidir='${docdir}'
exec_prefix='${prefix}'
host_alias=''
htmldir='${docdir}'
includedir='${prefix}/include'
infodir='${datarootdir}/info'
install_sh='$(SHELL) /home/dex/Uni/workspace/CircalPP/install-sh'
libdir='${exec_prefix}/lib'
libexecdir='${exec_prefix}/libexec'
localedir='${datarootdir}/locale'
localstatedir='${prefix}/var'
mandir='${datarootdir}/man'
mkdir_p='/usr/bin/mkdir -p'
oldincludedir='/usr/include'
pdfdir='${docdir}'
prefix='/usr/local'
program_transform_name='s,x,x,'
psdir='${docdir}'
sbindir='${exec_prefix}/sbin'
sharedstatedir='${prefix}/com'
sysconfdir='${prefix}/etc'
target_alias=''

## ----------- ##
## confdefs.h. ##
## ----------- ##

#define PACKAGE_NAME "Circal++"
#define PACKAGE_TARNAME "circal--"
#define PACKAGE_VERSION "1.0"
#define PACKAGE_STRING "Circal++ 1.0"
#define PACKAGE_BUGREPORT "dex@dragonslave.de"
#define PACKAGE "circal--"
#define VERSION "1.0"
#define HAVE_OPENMP 1
#define STDC_HEADERS 1
#define HAVE_SYS_TYPES_H 1
#define HAVE_SYS_STAT_H 1
#define HAVE_STDLIB_H 1
#define HAVE_STRING_H 1
#define HAVE_MEMORY_H 1
#define HAVE_STRINGS_H 1
#define HAVE_INTTYPES_H 1
#define HAVE_STDINT_H 1
#define HAVE_UNISTD_H 1
#define HAVE_STDBOOL_H 1

configure: exit 0
